JOBID,time,hostname,comment
0,2015-06-10 11:42,PPPXDEP,This_is_my
1,2015-06-10 11:42,PPPXDEP,This_is_my
2,2015-06-10 11:42,PPPXDEP,This_is_my
3,2015-06-10 11:42,PPPXDEP,This_is_my
4,2015-06-10 11:42,PPPXDEP,This_is_my
5,2015-06-10 11:42,PPPXDEP,This_is_my
6,2015-06-10 11:42,PPPXDEP,This_is_my
7,2015-06-10 11:42,PPPXDEP,This_is_my
8,2015-06-10 11:42,PPPXDEP,This_is_my
9,2015-06-10 13:03,PPPXDEP,comment
10,2015-06-10 13:04,PPPXDEP,comment
11,2015-06-10 13:06,PPPXDEP,comment
12,2015-06-10 13:12,PPPXDEP,comment
13,2015-06-10 13:12,PPPXDEP,comment
14,2015-06-10 13:12,PPPXDEP,comment
15,2015-06-10 13:12,PPPXDEP,comment
16,2015-06-10 13:13,PPPXDEP,comment
17,2015-06-10 13:13,PPPXDEP,comment
18,2015-06-10 13:14,PPPXDEP,batch
19,2015-06-10 13:15,PPPXDEP,batch
20,2015-06-10 13:15,PPPXDEP,batch
21,2015-06-10 13:15,PPPXDEP,batch
22,2015-06-10 13:15,PPPXDEP,batch
23,2015-06-10 13:15,PPPXDEP,batch
24,2015-06-10 13:15,PPPXDEP,batch
25,2015-06-10 13:21,PPPXDEP,batch_comment
26,2015-06-10 13:21,PPPXDEP,batch_comment
27,2015-06-10 13:21,PPPXDEP,batch_comment
28,2015-06-10 13:21,PPPXDEP,batch_comment
29,2015-06-10 13:21,PPPXDEP,batch_comment
30,2015-06-10 13:21,PPPXDEP,batch_comment
